have_library: checking for main() in -lrust... -------------------- yes

"clang -o conftest -I/Users/th3james/.rbenv/versions/2.1.6/include/ruby-2.1.0/x86_64-darwin14.0 -I/Users/th3james/.rbenv/versions/2.1.6/include/ruby-2.1.0/ruby/backward -I/Users/th3james/.rbenv/versions/2.1.6/include/ruby-2.1.0 -I../../../../ext/rustsea -I/Users/th3james/.rbenv/versions/2.1.6/include  -D_XOPEN_SOURCE -D_DARWIN_C_SOURCE -D_DARWIN_UNLIMITED_SELECT -D_REENTRANT    -O3 -Wno-error=shorten-64-to-32  -pipe conftest.c  -L. -L/Users/th3james/.rbenv/versions/2.1.6/lib -L/Users/th3james/src/curricular/rust/rustsea/rust/target/debug -L. -L/Users/th3james/.rbenv/versions/2.1.6/lib  -fstack-protector     -lruby-static -framework CoreFoundation  -lpthread -ldl -lobjc "
checked program was:
/* begin */
1: #include "ruby.h"
2: 
3: int main(int argc, char **argv)
4: {
5:   return 0;
6: }
/* end */

"clang -o conftest -I/Users/th3james/.rbenv/versions/2.1.6/include/ruby-2.1.0/x86_64-darwin14.0 -I/Users/th3james/.rbenv/versions/2.1.6/include/ruby-2.1.0/ruby/backward -I/Users/th3james/.rbenv/versions/2.1.6/include/ruby-2.1.0 -I../../../../ext/rustsea -I/Users/th3james/.rbenv/versions/2.1.6/include  -D_XOPEN_SOURCE -D_DARWIN_C_SOURCE -D_DARWIN_UNLIMITED_SELECT -D_REENTRANT    -O3 -Wno-error=shorten-64-to-32  -pipe conftest.c  -L. -L/Users/th3james/.rbenv/versions/2.1.6/lib -L/Users/th3james/src/curricular/rust/rustsea/rust/target/debug -L. -L/Users/th3james/.rbenv/versions/2.1.6/lib  -fstack-protector     -lruby-static -framework CoreFoundation -lrust  -lpthread -ldl -lobjc "
checked program was:
/* begin */
 1: #include "ruby.h"
 2: 
 3: /*top*/
 4: extern int t(void);
 5: int main(int argc, char **argv)
 6: {
 7:   if (argc > 1000000) {
 8:     printf("%p", &t);
 9:   }
10: 
11:   return 0;
12: }
13: int t(void) { void ((*volatile p)()); p = (void ((*)()))main; return 0; }
/* end */

--------------------

